Release 14.7 - xst P.20131013 (nt64)
Copyright (c) 1995-2013 Xilinx, Inc.  All rights reserved.
--> Parameter TMPDIR set to xst/projnav.tmp


Total REAL time to Xst completion: 1.00 secs
Total CPU time to Xst completion: 0.34 secs
 
--> Parameter xsthdpdir set to xst


Total REAL time to Xst completion: 1.00 secs
Total CPU time to Xst completion: 0.34 secs
 
--> Reading design: topx.prj

TABLE OF CONTENTS
  1) Synthesis Options Summary
  2) HDL Parsing
  3) HDL Elaboration
  4) HDL Synthesis
       4.1) HDL Synthesis Report
  5) Advanced HDL Synthesis
       5.1) Advanced HDL Synthesis Report
  6) Low Level Synthesis
  7) Partition Report
  8) Design Summary
       8.1) Primitive and Black Box Usage
       8.2) Device utilization summary
       8.3) Partition Resource Summary
       8.4) Timing Report
            8.4.1) Clock Information
            8.4.2) Asynchronous Control Signals Information
            8.4.3) Timing Summary
            8.4.4) Timing Details
            8.4.5) Cross Clock Domains Report


=========================================================================
*                      Synthesis Options Summary                        *
=========================================================================
---- Source Parameters
Input File Name                    : "topx.prj"
Ignore Synthesis Constraint File   : NO

---- Target Parameters
Output File Name                   : "topx"
Output Format                      : NGC
Target Device                      : xc7a100t-2-csg324

---- Source Options
Top Module Name                    : topx
Automatic FSM Extraction           : YES
FSM Encoding Algorithm             : Auto
Safe Implementation                : No
FSM Style                          : LUT
RAM Extraction                     : Yes
RAM Style                          : Auto
ROM Extraction                     : Yes
Shift Register Extraction          : YES
ROM Style                          : Auto
Resource Sharing                   : YES
Asynchronous To Synchronous        : NO
Shift Register Minimum Size        : 2
Use DSP Block                      : Auto
Automatic Register Balancing       : No

---- Target Options
LUT Combining                      : Auto
Reduce Control Sets                : Auto
Add IO Buffers                     : YES
Global Maximum Fanout              : 100000
Add Generic Clock Buffer(BUFG)     : 32
Register Duplication               : YES
Optimize Instantiated Primitives   : NO
Use Clock Enable                   : Auto
Use Synchronous Set                : Auto
Use Synchronous Reset              : Auto
Pack IO Registers into IOBs        : Auto
Equivalent register Removal        : YES

---- General Options
Optimization Goal                  : Speed
Optimization Effort                : 1
Power Reduction                    : NO
Keep Hierarchy                     : No
Netlist Hierarchy                  : As_Optimized
RTL Output                         : Yes
Global Optimization                : AllClockNets
Read Cores                         : YES
Write Timing Constraints           : NO
Cross Clock Analysis               : NO
Hierarchy Separator                : /
Bus Delimiter                      : <>
Case Specifier                     : Maintain
Slice Utilization Ratio            : 100
BRAM Utilization Ratio             : 100
DSP48 Utilization Ratio            : 100
Auto BRAM Packing                  : NO
Slice Utilization Ratio Delta      : 5

=========================================================================


=========================================================================
*                          HDL Parsing                                  *
=========================================================================
Parsing VHDL file "C:\Users\Alejandro Reyes\Desktop\uno\proyectof-div (2)\proyectof-div\RegistroEstado.vhd" into library work
Parsing entity <RegistroEstado>.
Parsing architecture <Behavioral> of entity <registroestado>.
Parsing VHDL file "C:\Users\Alejandro Reyes\Desktop\uno\proyectof-div (2)\proyectof-div\registro.vhd" into library work
Parsing entity <registro>.
Parsing architecture <Behavioral> of entity <registro>.
Parsing VHDL file "C:\Users\Alejandro Reyes\Desktop\uno\proyectof-div (2)\proyectof-div\Nivel.vhd" into library work
Parsing entity <Nivel>.
Parsing architecture <Behavioral> of entity <nivel>.
Parsing VHDL file "C:\Users\Alejandro Reyes\Desktop\uno\proyectof-div (2)\proyectof-div\multiplexor2.vhd" into library work
Parsing entity <mux2>.
Parsing architecture <Behavioral> of entity <mux2>.
Parsing VHDL file "C:\Users\Alejandro Reyes\Desktop\uno\proyectof-div (2)\proyectof-div\MicrocodOperacion.vhd" into library work
Parsing entity <microcodOperacion>.
Parsing architecture <Behavioral> of entity <microcodoperacion>.
Parsing VHDL file "C:\Users\Alejandro Reyes\Desktop\uno\proyectof-div (2)\proyectof-div\MicrocodFuncion.vhd" into library work
Parsing entity <MicrocodFuncion>.
Parsing architecture <Behavioral> of entity <microcodfuncion>.
Parsing VHDL file "C:\Users\Alejandro Reyes\Desktop\uno\proyectof-div (2)\proyectof-div\DemuxS.vhd" into library work
Parsing entity <DemuxS>.
Parsing architecture <Behavioral> of entity <demuxs>.
Parsing VHDL file "C:\Users\Alejandro Reyes\Desktop\uno\proyectof-div (2)\proyectof-div\DemuxCodOpera.vhd" into library work
Parsing entity <DemuxCodOpera>.
Parsing architecture <Behavioral> of entity <demuxcodopera>.
Parsing VHDL file "C:\Users\Alejandro Reyes\Desktop\uno\proyectof-div (2)\proyectof-div\demux.vhd" into library work
Parsing entity <demultiplexor>.
Parsing architecture <Behavioral> of entity <demultiplexor>.
Parsing VHDL file "C:\Users\Alejandro Reyes\Desktop\uno\proyectof-div (2)\proyectof-div\DecoInstruc.vhd" into library work
Parsing entity <DecoInstruc>.
Parsing architecture <Behavioral> of entity <decoinstruc>.
Parsing VHDL file "C:\Users\Alejandro Reyes\Desktop\uno\proyectof-div (2)\proyectof-div\Control.vhd" into library work
Parsing entity <Control>.
Parsing architecture <Behavioral> of entity <control>.
Parsing VHDL file "C:\Users\Alejandro Reyes\Desktop\uno\proyectof-div (2)\proyectof-div\Condicion.vhd" into library work
Parsing entity <Condicion>.
Parsing architecture <Behavioral> of entity <condicion>.
Parsing VHDL file "C:\Users\Alejandro Reyes\Desktop\uno\proyectof-div (2)\proyectof-div\components.vhd" into library work
Parsing package <components>.
Parsing VHDL file "C:\Users\Alejandro Reyes\Desktop\uno\proyectof-div (2)\proyectof-div\bs.vhd" into library work
Parsing entity <barrelShifter>.
Parsing architecture <Behavioral> of entity <barrelshifter>.
Parsing VHDL file "C:\Users\Alejandro Reyes\Desktop\uno\proyectof-div (2)\proyectof-div\pilax.vhd" into library work
Parsing entity <pila>.
Parsing architecture <Behavioral> of entity <pila>.
Parsing VHDL file "C:\Users\Alejandro Reyes\Desktop\uno\proyectof-div (2)\proyectof-div\Mux4.vhd" into library work
Parsing entity <Mux4>.
Parsing architecture <Behavioral> of entity <mux4>.
Parsing VHDL file "C:\Users\Alejandro Reyes\Desktop\uno\proyectof-div (2)\proyectof-div\Mux16.vhd" into library work
Parsing entity <Mux16>.
Parsing architecture <Behavioral> of entity <mux16>.
Parsing VHDL file "C:\Users\Alejandro Reyes\Desktop\uno\proyectof-div (2)\proyectof-div\memoProg.vhd" into library work
Parsing entity <MemProg>.
Parsing architecture <Funcion> of entity <memprog>.
Parsing VHDL file "C:\Users\Alejandro Reyes\Desktop\uno\proyectof-div (2)\proyectof-div\memdatos.vhd" into library work
Parsing entity <MemoriaDatos>.
Parsing architecture <Behavioral> of entity <memoriadatos>.
Parsing VHDL file "C:\Users\Alejandro Reyes\Desktop\uno\proyectof-div (2)\proyectof-div\main.vhd" into library work
Parsing package <main>.
Parsing VHDL file "C:\Users\Alejandro Reyes\Desktop\uno\proyectof-div (2)\proyectof-div\extsig.vhd" into library work
Parsing entity <ExtensorSigno>.
Parsing architecture <Arquitectura> of entity <extensorsigno>.
Parsing VHDL file "C:\Users\Alejandro Reyes\Desktop\uno\proyectof-div (2)\proyectof-div\extdir.vhd" into library work
Parsing entity <ExtensorDirec>.
Parsing architecture <Arquitectura> of entity <extensordirec>.
Parsing VHDL file "C:\Users\Alejandro Reyes\Desktop\uno\proyectof-div (2)\proyectof-div\Componentes.vhd" into library work
Parsing entity <Componentes>.
Parsing architecture <Behavioral> of entity <componentes>.
Parsing VHDL file "C:\Users\Alejandro Reyes\Desktop\uno\proyectof-div (2)\proyectof-div\archivoReg.vhd" into library work
Parsing entity <archivoRegx>.
Parsing architecture <Behavioral> of entity <archivoregx>.
Parsing VHDL file "C:\Users\Alejandro Reyes\Desktop\uno\proyectof-div (2)\proyectof-div\alu.vhd" into library work
Parsing entity <alux>.
Parsing architecture <Arquitectura> of entity <alux>.
Parsing VHDL file "C:\Users\Alejandro Reyes\Desktop\uno\proyectof-div (2)\proyectof-div\procesador.vhd" into library work
Parsing entity <Procesador>.
Parsing architecture <Behavioral> of entity <procesador>.
Parsing VHDL file "C:\Users\Alejandro Reyes\Desktop\uno\proyectof-div (2)\proyectof-div\divisor.vhd" into library work
Parsing entity <DivisorDeFrecuencia>.
Parsing architecture <Arquitectura> of entity <divisordefrecuencia>.
Parsing VHDL file "C:\Users\Alejandro Reyes\Desktop\uno\proyectof-div (2)\proyectof-div\topx.vhd" into library work
Parsing entity <topx>.
Parsing architecture <Arquitectura> of entity <topx>.

=========================================================================
*                            HDL Elaboration                            *
=========================================================================

Elaborating entity <topx> (architecture <Arquitectura>) from library <work>.

Elaborating entity <DivisorDeFrecuencia> (architecture <Arquitectura>) from library <work>.

Elaborating entity <Procesador> (architecture <Behavioral>) from library <work>.

Elaborating entity <Componentes> (architecture <Behavioral>) from library <work>.

Elaborating entity <Condicion> (architecture <Behavioral>) from library <work>.

Elaborating entity <Control> (architecture <Behavioral>) from library <work>.

Elaborating entity <DecoInstruc> (architecture <Behavioral>) from library <work>.

Elaborating entity <DemuxCodOpera> (architecture <Behavioral>) from library <work>.

Elaborating entity <DemuxS> (architecture <Behavioral>) from library <work>.

Elaborating entity <MicrocodFuncion> (architecture <Behavioral>) from library <work>.

Elaborating entity <microcodOperacion> (architecture <Behavioral>) from library <work>.

Elaborating entity <Nivel> (architecture <Behavioral>) from library <work>.

Elaborating entity <RegistroEstado> (architecture <Behavioral>) from library <work>.

Elaborating entity <MemProg> (architecture <Funcion>) with generics from library <work>.

Elaborating entity <pila> (architecture <Behavioral>) from library <work>.

Elaborating entity <archivoRegx> (architecture <Behavioral>) from library <work>.

Elaborating entity <registro> (architecture <Behavioral>) from library <work>.

Elaborating entity <mux2> (architecture <Behavioral>) from library <work>.

Elaborating entity <barrelShifter> (architecture <Behavioral>) from library <work>.

Elaborating entity <demultiplexor> (architecture <Behavioral>) from library <work>.

Elaborating entity <Mux4> (architecture <Behavioral>) from library <work>.

Elaborating entity <Mux16> (architecture <Behavioral>) from library <work>.

Elaborating entity <ExtensorSigno> (architecture <Arquitectura>) from library <work>.

Elaborating entity <ExtensorDirec> (architecture <Arquitectura>) from library <work>.

Elaborating entity <alux> (architecture <Arquitectura>) with generics from library <work>.

Elaborating entity <MemoriaDatos> (architecture <Behavioral>) with generics from library <work>.

=========================================================================
*                           HDL Synthesis                               *
=========================================================================

Synthesizing Unit <topx>.
    Related source file is "C:\Users\Alejandro Reyes\Desktop\uno\proyectof-div (2)\proyectof-div\topx.vhd".
    Summary:
	no macro.
Unit <topx> synthesized.

Synthesizing Unit <DivisorDeFrecuencia>.
    Related source file is "C:\Users\Alejandro Reyes\Desktop\uno\proyectof-div (2)\proyectof-div\divisor.vhd".
    Found 1-bit register for signal <CLK_STATE>.
    Found 26-bit register for signal <COUNT>.
    Found 26-bit adder for signal <COUNT[25]_GND_5_o_add_1_OUT> created at line 21.
    Found 26-bit comparator greater for signal <COUNT[25]_PWR_5_o_LessThan_1_o> created at line 20
    Summary:
	inferred   1 Adder/Subtractor(s).
	inferred  27 D-type flip-flop(s).
	inferred   1 Comparator(s).
Unit <DivisorDeFrecuencia> synthesized.

Synthesizing Unit <Procesador>.
    Related source file is "C:\Users\Alejandro Reyes\Desktop\uno\proyectof-div (2)\proyectof-div\procesador.vhd".
    Summary:
	no macro.
Unit <Procesador> synthesized.

Synthesizing Unit <Componentes>.
    Related source file is "C:\Users\Alejandro Reyes\Desktop\uno\proyectof-div (2)\proyectof-div\Componentes.vhd".
    Summary:
	no macro.
Unit <Componentes> synthesized.

Synthesizing Unit <Condicion>.
    Related source file is "C:\Users\Alejandro Reyes\Desktop\uno\proyectof-div (2)\proyectof-div\Condicion.vhd".
WARNING:Xst:647 - Input <rbanderas<0:0>> is never used. This port will be preserved and left unconnected if it belongs to a top-level block or it belongs to a sub-block and the hierarchy of this sub-block is preserved.
    Summary:
Unit <Condicion> synthesized.

Synthesizing Unit <Control>.
    Related source file is "C:\Users\Alejandro Reyes\Desktop\uno\proyectof-div (2)\proyectof-div\Control.vhd".
WARNING:Xst:647 - Input <clk> is never used. This port will be preserved and left unconnected if it belongs to a top-level block or it belongs to a sub-block and the hierarchy of this sub-block is preserved.
WARNING:Xst:647 - Input <clr> is never used. This port will be preserved and left unconnected if it belongs to a top-level block or it belongs to a sub-block and the hierarchy of this sub-block is preserved.
    Summary:
	inferred  13 Multiplexer(s).
Unit <Control> synthesized.

Synthesizing Unit <DecoInstruc>.
    Related source file is "C:\Users\Alejandro Reyes\Desktop\uno\proyectof-div (2)\proyectof-div\DecoInstruc.vhd".
    Found 32x7-bit Read Only RAM for signal <_n0040>
    Summary:
	inferred   1 RAM(s).
Unit <DecoInstruc> synthesized.

Synthesizing Unit <DemuxCodOpera>.
    Related source file is "C:\Users\Alejandro Reyes\Desktop\uno\proyectof-div (2)\proyectof-div\DemuxCodOpera.vhd".
    Summary:
	inferred   1 Multiplexer(s).
Unit <DemuxCodOpera> synthesized.

Synthesizing Unit <DemuxS>.
    Related source file is "C:\Users\Alejandro Reyes\Desktop\uno\proyectof-div (2)\proyectof-div\DemuxS.vhd".
    Summary:
	inferred   1 Multiplexer(s).
Unit <DemuxS> synthesized.

Synthesizing Unit <MicrocodFuncion>.
    Related source file is "C:\Users\Alejandro Reyes\Desktop\uno\proyectof-div (2)\proyectof-div\MicrocodFuncion.vhd".
    Found 16x20-bit Read Only RAM for signal <sal>
    Summary:
	inferred   1 RAM(s).
Unit <MicrocodFuncion> synthesized.

Synthesizing Unit <microcodOperacion>.
    Related source file is "C:\Users\Alejandro Reyes\Desktop\uno\proyectof-div (2)\proyectof-div\MicrocodOperacion.vhd".
    Found 32x20-bit Read Only RAM for signal <sal>
    Summary:
	inferred   1 RAM(s).
Unit <microcodOperacion> synthesized.

Synthesizing Unit <Nivel>.
    Related source file is "C:\Users\Alejandro Reyes\Desktop\uno\proyectof-div (2)\proyectof-div\Nivel.vhd".
    Found 1-bit register for signal <pclk>.
    Found 1-bit register for signal <nclk>.
    Summary:
	inferred   2 D-type flip-flop(s).
Unit <Nivel> synthesized.

Synthesizing Unit <RegistroEstado>.
    Related source file is "C:\Users\Alejandro Reyes\Desktop\uno\proyectof-div (2)\proyectof-div\RegistroEstado.vhd".
    Found 4-bit register for signal <bandout>.
    Summary:
	inferred   4 D-type flip-flop(s).
Unit <RegistroEstado> synthesized.

Synthesizing Unit <MemProg>.
    Related source file is "C:\Users\Alejandro Reyes\Desktop\uno\proyectof-div (2)\proyectof-div\memoProg.vhd".
        n = 10
    Found 1024x25-bit Read Only RAM for signal <inst>
    Summary:
	inferred   1 RAM(s).
Unit <MemProg> synthesized.

Synthesizing Unit <pila>.
    Related source file is "C:\Users\Alejandro Reyes\Desktop\uno\proyectof-div (2)\proyectof-div\pilax.vhd".
    Found 16-bit register for signal <aux<0>>.
    Found 16-bit register for signal <aux<1>>.
    Found 16-bit register for signal <aux<2>>.
    Found 16-bit register for signal <aux<3>>.
    Found 16-bit register for signal <aux<4>>.
    Found 16-bit register for signal <aux<5>>.
    Found 16-bit register for signal <aux<6>>.
    Found 16-bit register for signal <aux<7>>.
    Found 3-bit register for signal <sp>.
    Found 16-bit adder for signal <sp[2]_GND_22_o_add_1_OUT> created at line 33.
    Found 3-bit adder for signal <sp[2]_GND_22_o_add_11_OUT> created at line 35.
    Found 16-bit adder for signal <GND_22_o_GND_22_o_add_32_OUT> created at line 42.
    Found 3-bit subtractor for signal <GND_22_o_GND_22_o_sub_31_OUT<2:0>> created at line 41.
    Found 16-bit 8-to-1 multiplexer for signal <n0178> created at line 42.
    Found 16-bit 8-to-1 multiplexer for signal <pc_sal> created at line 45.
    Summary:
	inferred   4 Adder/Subtractor(s).
	inferred 131 D-type flip-flop(s).
	inferred  27 Multiplexer(s).
Unit <pila> synthesized.

Synthesizing Unit <archivoRegx>.
    Related source file is "C:\Users\Alejandro Reyes\Desktop\uno\proyectof-div (2)\proyectof-div\archivoReg.vhd".
    Found 16-bit 16-to-1 multiplexer for signal <read_data1> created at line 64.
    Found 16-bit 16-to-1 multiplexer for signal <read_data2> created at line 65.
    Summary:
	inferred   2 Multiplexer(s).
Unit <archivoRegx> synthesized.

Synthesizing Unit <registro>.
    Related source file is "C:\Users\Alejandro Reyes\Desktop\uno\proyectof-div (2)\proyectof-div\registro.vhd".
    Found 16-bit register for signal <q>.
    Summary:
	inferred  16 D-type flip-flop(s).
Unit <registro> synthesized.

Synthesizing Unit <mux2>.
    Related source file is "C:\Users\Alejandro Reyes\Desktop\uno\proyectof-div (2)\proyectof-div\multiplexor2.vhd".
    Summary:
	inferred   1 Multiplexer(s).
Unit <mux2> synthesized.

Synthesizing Unit <barrelShifter>.
    Related source file is "C:\Users\Alejandro Reyes\Desktop\uno\proyectof-div (2)\proyectof-div\bs.vhd".
    Summary:
	inferred   9 Multiplexer(s).
Unit <barrelShifter> synthesized.

Synthesizing Unit <demultiplexor>.
    Related source file is "C:\Users\Alejandro Reyes\Desktop\uno\proyectof-div (2)\proyectof-div\demux.vhd".
    Found 16-bit 16-to-1 multiplexer for signal <salida> created at line 18.
    Summary:
	inferred   1 Multiplexer(s).
Unit <demultiplexor> synthesized.

Synthesizing Unit <Mux4>.
    Related source file is "C:\Users\Alejandro Reyes\Desktop\uno\proyectof-div (2)\proyectof-div\Mux4.vhd".
    Summary:
	inferred   1 Multiplexer(s).
Unit <Mux4> synthesized.

Synthesizing Unit <Mux16>.
    Related source file is "C:\Users\Alejandro Reyes\Desktop\uno\proyectof-div (2)\proyectof-div\Mux16.vhd".
    Summary:
	inferred   1 Multiplexer(s).
Unit <Mux16> synthesized.

Synthesizing Unit <ExtensorSigno>.
    Related source file is "C:\Users\Alejandro Reyes\Desktop\uno\proyectof-div (2)\proyectof-div\extsig.vhd".
    Summary:
	no macro.
Unit <ExtensorSigno> synthesized.

Synthesizing Unit <ExtensorDirec>.
    Related source file is "C:\Users\Alejandro Reyes\Desktop\uno\proyectof-div (2)\proyectof-div\extdir.vhd".
    Summary:
	no macro.
Unit <ExtensorDirec> synthesized.

Synthesizing Unit <alux>.
    Related source file is "C:\Users\Alejandro Reyes\Desktop\uno\proyectof-div (2)\proyectof-div\alu.vhd".
        N = 16
    Summary:
	inferred   7 Multiplexer(s).
Unit <alux> synthesized.

Synthesizing Unit <MemoriaDatos>.
    Related source file is "C:\Users\Alejandro Reyes\Desktop\uno\proyectof-div (2)\proyectof-div\memdatos.vhd".
        m = 11
        n = 16
    Found 2048x16-bit single-port RAM <Mram_arreglo> for signal <arreglo>.
    Summary:
	inferred   1 RAM(s).
Unit <MemoriaDatos> synthesized.

=========================================================================
HDL Synthesis Report

Macro Statistics
# RAMs                                                 : 5
 1024x25-bit single-port Read Only RAM                 : 1
 16x20-bit single-port Read Only RAM                   : 1
 2048x16-bit single-port RAM                           : 1
 32x20-bit single-port Read Only RAM                   : 1
 32x7-bit single-port Read Only RAM                    : 1
# Adders/Subtractors                                   : 5
 16-bit adder                                          : 2
 26-bit adder                                          : 1
 3-bit adder                                           : 1
 3-bit subtractor                                      : 1
# Registers                                            : 30
 1-bit register                                        : 3
 16-bit register                                       : 24
 26-bit register                                       : 1
 3-bit register                                        : 1
 4-bit register                                        : 1
# Comparators                                          : 1
 26-bit comparator greater                             : 1
# Multiplexers                                         : 70
 1-bit 2-to-1 multiplexer                              : 13
 16-bit 16-to-1 multiplexer                            : 3
 16-bit 2-to-1 multiplexer                             : 47
 16-bit 8-to-1 multiplexer                             : 2
 17-bit 2-to-1 multiplexer                             : 1
 20-bit 2-to-1 multiplexer                             : 1
 3-bit 2-to-1 multiplexer                              : 1
 4-bit 2-to-1 multiplexer                              : 1
 5-bit 2-to-1 multiplexer                              : 1
# Xors                                                 : 52
 1-bit xor2                                            : 51
 16-bit xor2                                           : 1

=========================================================================

=========================================================================
*                       Advanced HDL Synthesis                          *
=========================================================================

WARNING:Xst:2677 - Node <bandout_0> of sequential type is unconnected in block <u9>.

Synthesizing (advanced) Unit <DecoInstruc>.
INFO:Xst:3218 - HDL ADVISOR - The RAM <Mram__n0040> will be implemented on LUTs either because you have described an asynchronous read or because of currently unsupported block RAM features. If you have described an asynchronous read, making it synchronous would allow you to take advantage of available block RAM resources, for optimized device usage and improved timings. Please refer to your documentation for coding guidelines.
    -----------------------------------------------------------------------
    | ram_type           | Distributed                         |          |
    -----------------------------------------------------------------------
    | Port A                                                              |
    |     aspect ratio   | 32-word x 7-bit                     |          |
    |     weA            | connected to signal <GND>           | high     |
    |     addrA          | connected to signal <codOper>       |          |
    |     diA            | connected to signal <GND>           |          |
    |     doA            | connected to internal node          |          |
    -----------------------------------------------------------------------
Unit <DecoInstruc> synthesized (advanced).

Synthesizing (advanced) Unit <DivisorDeFrecuencia>.
The following registers are absorbed into counter <COUNT>: 1 register on signal <COUNT>.
Unit <DivisorDeFrecuencia> synthesized (advanced).

Synthesizing (advanced) Unit <MemProg>.
INFO:Xst:3218 - HDL ADVISOR - The RAM <Mram_inst> will be implemented on LUTs either because you have described an asynchronous read or because of currently unsupported block RAM features. If you have described an asynchronous read, making it synchronous would allow you to take advantage of available block RAM resources, for optimized device usage and improved timings. Please refer to your documentation for coding guidelines.
    -----------------------------------------------------------------------
    | ram_type           | Distributed                         |          |
    -----------------------------------------------------------------------
    | Port A                                                              |
    |     aspect ratio   | 1024-word x 25-bit                  |          |
    |     weA            | connected to signal <GND>           | high     |
    |     addrA          | connected to signal <pc>            |          |
    |     diA            | connected to signal <GND>           |          |
    |     doA            | connected to signal <inst>          |          |
    -----------------------------------------------------------------------
Unit <MemProg> synthesized (advanced).

Synthesizing (advanced) Unit <MemoriaDatos>.
INFO:Xst:3218 - HDL ADVISOR - The RAM <Mram_arreglo> will be implemented on LUTs either because you have described an asynchronous read or because of currently unsupported block RAM features. If you have described an asynchronous read, making it synchronous would allow you to take advantage of available block RAM resources, for optimized device usage and improved timings. Please refer to your documentation for coding guidelines.
    -----------------------------------------------------------------------
    | ram_type           | Distributed                         |          |
    -----------------------------------------------------------------------
    | Port A                                                              |
    |     aspect ratio   | 2048-word x 16-bit                  |          |
    |     clkA           | connected to signal <clk>           | rise     |
    |     weA            | connected to signal <wd>            | high     |
    |     addrA          | connected to signal <dir>           |          |
    |     diA            | connected to signal <data_in>       |          |
    |     doA            | connected to internal node          |          |
    -----------------------------------------------------------------------
Unit <MemoriaDatos> synthesized (advanced).

Synthesizing (advanced) Unit <MicrocodFuncion>.
INFO:Xst:3218 - HDL ADVISOR - The RAM <Mram_sal> will be implemented on LUTs either because you have described an asynchronous read or because of currently unsupported block RAM features. If you have described an asynchronous read, making it synchronous would allow you to take advantage of available block RAM resources, for optimized device usage and improved timings. Please refer to your documentation for coding guidelines.
    -----------------------------------------------------------------------
    | ram_type           | Distributed                         |          |
    -----------------------------------------------------------------------
    | Port A                                                              |
    |     aspect ratio   | 16-word x 20-bit                    |          |
    |     weA            | connected to signal <GND>           | high     |
    |     addrA          | connected to signal <codFunc>       |          |
    |     diA            | connected to signal <GND>           |          |
    |     doA            | connected to signal <sal>           |          |
    -----------------------------------------------------------------------
Unit <MicrocodFuncion> synthesized (advanced).

Synthesizing (advanced) Unit <microcodOperacion>.
INFO:Xst:3218 - HDL ADVISOR - The RAM <Mram_sal> will be implemented on LUTs either because you have described an asynchronous read or because of currently unsupported block RAM features. If you have described an asynchronous read, making it synchronous would allow you to take advantage of available block RAM resources, for optimized device usage and improved timings. Please refer to your documentation for coding guidelines.
    -----------------------------------------------------------------------
    | ram_type           | Distributed                         |          |
    -----------------------------------------------------------------------
    | Port A                                                              |
    |     aspect ratio   | 32-word x 20-bit                    |          |
    |     weA            | connected to signal <GND>           | high     |
    |     addrA          | connected to signal <codOpera>      |          |
    |     diA            | connected to signal <GND>           |          |
    |     doA            | connected to signal <sal>           |          |
    -----------------------------------------------------------------------
Unit <microcodOperacion> synthesized (advanced).

=========================================================================
Advanced HDL Synthesis Report

Macro Statistics
# RAMs                                                 : 5
 1024x25-bit single-port distributed Read Only RAM     : 1
 16x20-bit single-port distributed Read Only RAM       : 1
 2048x16-bit single-port distributed RAM               : 1
 32x20-bit single-port distributed Read Only RAM       : 1
 32x7-bit single-port distributed Read Only RAM        : 1
# Adders/Subtractors                                   : 4
 16-bit adder                                          : 2
 3-bit adder                                           : 1
 3-bit subtractor                                      : 1
# Counters                                             : 1
 26-bit up counter                                     : 1
# Registers                                            : 394
 Flip-Flops                                            : 394
# Comparators                                          : 1
 26-bit comparator greater                             : 1
# Multiplexers                                         : 99
 1-bit 2-to-1 multiplexer                              : 13
 1-bit 8-to-1 multiplexer                              : 32
 16-bit 16-to-1 multiplexer                            : 2
 16-bit 2-to-1 multiplexer                             : 47
 17-bit 2-to-1 multiplexer                             : 1
 20-bit 2-to-1 multiplexer                             : 1
 3-bit 2-to-1 multiplexer                              : 1
 4-bit 2-to-1 multiplexer                              : 1
 5-bit 2-to-1 multiplexer                              : 1
# Xors                                                 : 52
 1-bit xor2                                            : 51
 16-bit xor2                                           : 1

=========================================================================

=========================================================================
*                         Low Level Synthesis                           *
=========================================================================
WARNING:Xst:2677 - Node <u9/bandout_0> of sequential type is unconnected in block <Componentes>.

Optimizing unit <topx> ...

Optimizing unit <Procesador> ...

Optimizing unit <Componentes> ...

Optimizing unit <pila> ...

Optimizing unit <archivoRegx> ...

Optimizing unit <barrelShifter> ...

Optimizing unit <alux> ...
WARNING:Xst:1710 - FF/Latch <Procesadorx/archivoReg/ciclo[11].aux/q_2> (without init value) has a constant value of 0 in block <topx>. This FF/Latch will be trimmed during the optimization process.
WARNING:Xst:1895 - Due to other FF/Latch trimming, FF/Latch <Procesadorx/archivoReg/ciclo[11].aux/q_3> (without init value) has a constant value of 0 in block <topx>. This FF/Latch will be trimmed during the optimization process.
WARNING:Xst:1895 - Due to other FF/Latch trimming, FF/Latch <Procesadorx/archivoReg/ciclo[11].aux/q_4> (without init value) has a constant value of 0 in block <topx>. This FF/Latch will be trimmed during the optimization process.
WARNING:Xst:1895 - Due to other FF/Latch trimming, FF/Latch <Procesadorx/archivoReg/ciclo[11].aux/q_5> (without init value) has a constant value of 0 in block <topx>. This FF/Latch will be trimmed during the optimization process.
WARNING:Xst:1895 - Due to other FF/Latch trimming, FF/Latch <Procesadorx/archivoReg/ciclo[11].aux/q_6> (without init value) has a constant value of 0 in block <topx>. This FF/Latch will be trimmed during the optimization process.
WARNING:Xst:1895 - Due to other FF/Latch trimming, FF/Latch <Procesadorx/archivoReg/ciclo[11].aux/q_7> (without init value) has a constant value of 0 in block <topx>. This FF/Latch will be trimmed during the optimization process.
WARNING:Xst:1895 - Due to other FF/Latch trimming, FF/Latch <Procesadorx/archivoReg/ciclo[11].aux/q_8> (without init value) has a constant value of 0 in block <topx>. This FF/Latch will be trimmed during the optimization process.
WARNING:Xst:1895 - Due to other FF/Latch trimming, FF/Latch <Procesadorx/archivoReg/ciclo[11].aux/q_9> (without init value) has a constant value of 0 in block <topx>. This FF/Latch will be trimmed during the optimization process.
WARNING:Xst:1895 - Due to other FF/Latch trimming, FF/Latch <Procesadorx/archivoReg/ciclo[11].aux/q_10> (without init value) has a constant value of 0 in block <topx>. This FF/Latch will be trimmed during the optimization process.
WARNING:Xst:1895 - Due to other FF/Latch trimming, FF/Latch <Procesadorx/archivoReg/ciclo[11].aux/q_11> (without init value) has a constant value of 0 in block <topx>. This FF/Latch will be trimmed during the optimization process.
WARNING:Xst:1895 - Due to other FF/Latch trimming, FF/Latch <Procesadorx/archivoReg/ciclo[11].aux/q_12> (without init value) has a constant value of 0 in block <topx>. This FF/Latch will be trimmed during the optimization process.
WARNING:Xst:1895 - Due to other FF/Latch trimming, FF/Latch <Procesadorx/archivoReg/ciclo[11].aux/q_13> (without init value) has a constant value of 0 in block <topx>. This FF/Latch will be trimmed during the optimization process.
WARNING:Xst:1895 - Due to other FF/Latch trimming, FF/Latch <Procesadorx/archivoReg/ciclo[11].aux/q_14> (without init value) has a constant value of 0 in block <topx>. This FF/Latch will be trimmed during the optimization process.
WARNING:Xst:1895 - Due to other FF/Latch trimming, FF/Latch <Procesadorx/archivoReg/ciclo[11].aux/q_15> (without init value) has a constant value of 0 in block <topx>. This FF/Latch will be trimmed during the optimization process.
WARNING:Xst:1895 - Due to other FF/Latch trimming, FF/Latch <Procesadorx/archivoReg/ciclo[12].aux/q_0> (without init value) has a constant value of 0 in block <topx>. This FF/Latch will be trimmed during the optimization process.
WARNING:Xst:1895 - Due to other FF/Latch trimming, FF/Latch <Procesadorx/archivoReg/ciclo[12].aux/q_1> (without init value) has a constant value of 0 in block <topx>. This FF/Latch will be trimmed during the optimization process.
WARNING:Xst:1895 - Due to other FF/Latch trimming, FF/Latch <Procesadorx/archivoReg/ciclo[12].aux/q_2> (without init value) has a constant value of 0 in block <topx>. This FF/Latch will be trimmed during the optimization process.
WARNING:Xst:1895 - Due to other FF/Latch trimming, FF/Latch <Procesadorx/archivoReg/ciclo[12].aux/q_3> (without init value) has a constant value of 0 in block <topx>. This FF/Latch will be trimmed during the optimization process.
WARNING:Xst:1895 - Due to other FF/Latch trimming, FF/Latch <Procesadorx/archivoReg/ciclo[12].aux/q_4> (without init value) has a constant value of 0 in block <topx>. This FF/Latch will be trimmed during the optimization process.
WARNING:Xst:1895 - Due to other FF/Latch trimming, FF/Latch <Procesadorx/archivoReg/ciclo[12].aux/q_5> (without init value) has a constant value of 0 in block <topx>. This FF/Latch will be trimmed during the optimization process.
WARNING:Xst:1895 - Due to other FF/Latch trimming, FF/Latch <Procesadorx/archivoReg/ciclo[12].aux/q_6> (without init value) has a constant value of 0 in block <topx>. This FF/Latch will be trimmed during the optimization process.
WARNING:Xst:1895 - Due to other FF/Latch trimming, FF/Latch <Procesadorx/archivoReg/ciclo[12].aux/q_7> (without init value) has a constant value of 0 in block <topx>. This FF/Latch will be trimmed during the optimization process.
WARNING:Xst:1895 - Due to other FF/Latch trimming, FF/Latch <Procesadorx/archivoReg/ciclo[12].aux/q_8> (without init value) has a constant value of 0 in block <topx>. This FF/Latch will be trimmed during the optimization process.
WARNING:Xst:1895 - Due to other FF/Latch trimming, FF/Latch <Procesadorx/archivoReg/ciclo[12].aux/q_9> (without init value) has a constant value of 0 in block <topx>. This FF/Latch will be trimmed during the optimization process.
WARNING:Xst:1895 - Due to other FF/Latch trimming, FF/Latch <Procesadorx/archivoReg/ciclo[12].aux/q_10> (without init value) has a constant value of 0 in block <topx>. This FF/Latch will be trimmed during the optimization process.
WARNING:Xst:1895 - Due to other FF/Latch trimming, FF/Latch <Procesadorx/archivoReg/ciclo[12].aux/q_11> (without init value) has a constant value of 0 in block <topx>. This FF/Latch will be trimmed during the optimization process.
WARNING:Xst:1895 - Due to other FF/Latch trimming, FF/Latch <Procesadorx/archivoReg/ciclo[9].aux/q_8> (without init value) has a constant value of 0 in block <topx>. This FF/Latch will be trimmed during the optimization process.
WARNING:Xst:1895 - Due to other FF/Latch trimming, FF/Latch <Procesadorx/archivoReg/ciclo[9].aux/q_9> (without init value) has a constant value of 0 in block <topx>. This FF/Latch will be trimmed during the optimization process.
WARNING:Xst:1895 - Due to other FF/Latch trimming, FF/Latch <Procesadorx/archivoReg/ciclo[9].aux/q_10> (without init value) has a constant value of 0 in block <topx>. This FF/Latch will be trimmed during the optimization process.
WARNING:Xst:1895 - Due to other FF/Latch trimming, FF/Latch <Procesadorx/archivoReg/ciclo[9].aux/q_11> (without init value) has a constant value of 0 in block <topx>. This FF/Latch will be trimmed during the optimization process.
WARNING:Xst:1895 - Due to other FF/Latch trimming, FF/Latch <Procesadorx/archivoReg/ciclo[9].aux/q_12> (without init value) has a constant value of 0 in block <topx>. This FF/Latch will be trimmed during the optimization process.
WARNING:Xst:1895 - Due to other FF/Latch trimming, FF/Latch <Procesadorx/archivoReg/ciclo[9].aux/q_13> (without init value) has a constant value of 0 in block <topx>. This FF/Latch will be trimmed during the optimization process.
WARNING:Xst:1895 - Due to other FF/Latch trimming, FF/Latch <Procesadorx/archivoReg/ciclo[9].aux/q_14> (without init value) has a constant value of 0 in block <topx>. This FF/Latch will be trimmed during the optimization process.
WARNING:Xst:1895 - Due to other FF/Latch trimming, FF/Latch <Procesadorx/archivoReg/ciclo[9].aux/q_15> (without init value) has a constant value of 0 in block <topx>. This FF/Latch will be trimmed during the optimization process.
WARNING:Xst:1895 - Due to other FF/Latch trimming, FF/Latch <Procesadorx/archivoReg/ciclo[10].aux/q_0> (without init value) has a constant value of 0 in block <topx>. This FF/Latch will be trimmed during the optimization process.
WARNING:Xst:1895 - Due to other FF/Latch trimming, FF/Latch <Procesadorx/archivoReg/ciclo[10].aux/q_1> (without init value) has a constant value of 0 in block <topx>. This FF/Latch will be trimmed during the optimization process.
WARNING:Xst:1895 - Due to other FF/Latch trimming, FF/Latch <Procesadorx/archivoReg/ciclo[10].aux/q_2> (without init value) has a constant value of 0 in block <topx>. This FF/Latch will be trimmed during the optimization process.
WARNING:Xst:1895 - Due to other FF/Latch trimming, FF/Latch <Procesadorx/archivoReg/ciclo[10].aux/q_3> (without init value) has a constant value of 0 in block <topx>. This FF/Latch will be trimmed during the optimization process.
WARNING:Xst:1895 - Due to other FF/Latch trimming, FF/Latch <Procesadorx/archivoReg/ciclo[10].aux/q_4> (without init value) has a constant value of 0 in block <topx>. This FF/Latch will be trimmed during the optimization process.
WARNING:Xst:1895 - Due to other FF/Latch trimming, FF/Latch <Procesadorx/archivoReg/ciclo[10].aux/q_5> (without init value) has a constant value of 0 in block <topx>. This FF/Latch will be trimmed during the optimization process.
WARNING:Xst:1895 - Due to other FF/Latch trimming, FF/Latch <Procesadorx/archivoReg/ciclo[10].aux/q_6> (without init value) has a constant value of 0 in block <topx>. This FF/Latch will be trimmed during the optimization process.
WARNING:Xst:1895 - Due to other FF/Latch trimming, FF/Latch <Procesadorx/archivoReg/ciclo[10].aux/q_7> (without init value) has a constant value of 0 in block <topx>. This FF/Latch will be trimmed during the optimization process.
WARNING:Xst:1895 - Due to other FF/Latch trimming, FF/Latch <Procesadorx/archivoReg/ciclo[10].aux/q_8> (without init value) has a constant value of 0 in block <topx>. This FF/Latch will be trimmed during the optimization process.
WARNING:Xst:1895 - Due to other FF/Latch trimming, FF/Latch <Procesadorx/archivoReg/ciclo[10].aux/q_9> (without init value) has a constant value of 0 in block <topx>. This FF/Latch will be trimmed during the optimization process.
WARNING:Xst:1895 - Due to other FF/Latch trimming, FF/Latch <Procesadorx/archivoReg/ciclo[10].aux/q_10> (without init value) has a constant value of 0 in block <topx>. This FF/Latch will be trimmed during the optimization process.
WARNING:Xst:1895 - Due to other FF/Latch trimming, FF/Latch <Procesadorx/archivoReg/ciclo[10].aux/q_11> (without init value) has a constant value of 0 in block <topx>. This FF/Latch will be trimmed during the optimization process.
WARNING:Xst:1895 - Due to other FF/Latch trimming, FF/Latch <Procesadorx/archivoReg/ciclo[10].aux/q_12> (without init value) has a constant value of 0 in block <topx>. This FF/Latch will be trimmed during the optimization process.
WARNING:Xst:1895 - Due to other FF/Latch trimming, FF/Latch <Procesadorx/archivoReg/ciclo[10].aux/q_13> (without init value) has a constant value of 0 in block <topx>. This FF/Latch will be trimmed during the optimization process.
WARNING:Xst:1895 - Due to other FF/Latch trimming, FF/Latch <Procesadorx/archivoReg/ciclo[10].aux/q_14> (without init value) has a constant value of 0 in block <topx>. This FF/Latch will be trimmed during the optimization process.
WARNING:Xst:1895 - Due to other FF/Latch trimming, FF/Latch <Procesadorx/archivoReg/ciclo[10].aux/q_15> (without init value) has a constant value of 0 in block <topx>. This FF/Latch will be trimmed during the optimization process.
WARNING:Xst:1895 - Due to other FF/Latch trimming, FF/Latch <Procesadorx/archivoReg/ciclo[11].aux/q_0> (without init value) has a constant value of 0 in block <topx>. This FF/Latch will be trimmed during the optimization process.
WARNING:Xst:1895 - Due to other FF/Latch trimming, FF/Latch <Procesadorx/archivoReg/ciclo[11].aux/q_1> (without init value) has a constant value of 0 in block <topx>. This FF/Latch will be trimmed during the optimization process.
WARNING:Xst:1895 - Due to other FF/Latch trimming, FF/Latch <Procesadorx/archivoReg/ciclo[14].aux/q_6> (without init value) has a constant value of 0 in block <topx>. This FF/Latch will be trimmed during the optimization process.
WARNING:Xst:1895 - Due to other FF/Latch trimming, FF/Latch <Procesadorx/archivoReg/ciclo[14].aux/q_7> (without init value) has a constant value of 0 in block <topx>. This FF/Latch will be trimmed during the optimization process.
WARNING:Xst:1895 - Due to other FF/Latch trimming, FF/Latch <Procesadorx/archivoReg/ciclo[14].aux/q_8> (without init value) has a constant value of 0 in block <topx>. This FF/Latch will be trimmed during the optimization process.
WARNING:Xst:1895 - Due to other FF/Latch trimming, FF/Latch <Procesadorx/archivoReg/ciclo[14].aux/q_9> (without init value) has a constant value of 0 in block <topx>. This FF/Latch will be trimmed during the optimization process.
WARNING:Xst:1895 - Due to other FF/Latch trimming, FF/Latch <Procesadorx/archivoReg/ciclo[14].aux/q_10> (without init value) has a constant value of 0 in block <topx>. This FF/Latch will be trimmed during the optimization process.
WARNING:Xst:1895 - Due to other FF/Latch trimming, FF/Latch <Procesadorx/archivoReg/ciclo[14].aux/q_11> (without init value) has a constant value of 0 in block <topx>. This FF/Latch will be trimmed during the optimization process.
WARNING:Xst:1895 - Due to other FF/Latch trimming, FF/Latch <Procesadorx/archivoReg/ciclo[14].aux/q_12> (without init value) has a constant value of 0 in block <topx>. This FF/Latch will be trimmed during the optimization process.
WARNING:Xst:1895 - Due to other FF/Latch trimming, FF/Latch <Procesadorx/archivoReg/ciclo[14].aux/q_13> (without init value) has a constant value of 0 in block <topx>. This FF/Latch will be trimmed during the optimization process.
WARNING:Xst:1895 - Due to other FF/Latch trimming, FF/Latch <Procesadorx/archivoReg/ciclo[14].aux/q_14> (without init value) has a constant value of 0 in block <topx>. This FF/Latch will be trimmed during the optimization process.
WARNING:Xst:1895 - Due to other FF/Latch trimming, FF/Latch <Procesadorx/archivoReg/ciclo[14].aux/q_15> (without init value) has a constant value of 0 in block <topx>. This FF/Latch will be trimmed during the optimization process.
WARNING:Xst:1895 - Due to other FF/Latch trimming, FF/Latch <Procesadorx/archivoReg/ciclo[15].aux/q_0> (without init value) has a constant value of 0 in block <topx>. This FF/Latch will be trimmed during the optimization process.
WARNING:Xst:1895 - Due to other FF/Latch trimming, FF/Latch <Procesadorx/archivoReg/ciclo[15].aux/q_1> (without init value) has a constant value of 0 in block <topx>. This FF/Latch will be trimmed during the optimization process.
WARNING:Xst:1895 - Due to other FF/Latch trimming, FF/Latch <Procesadorx/archivoReg/ciclo[15].aux/q_2> (without init value) has a constant value of 0 in block <topx>. This FF/Latch will be trimmed during the optimization process.
WARNING:Xst:1895 - Due to other FF/Latch trimming, FF/Latch <Procesadorx/archivoReg/ciclo[15].aux/q_3> (without init value) has a constant value of 0 in block <topx>. This FF/Latch will be trimmed during the optimization process.
WARNING:Xst:1895 - Due to other FF/Latch trimming, FF/Latch <Procesadorx/archivoReg/ciclo[15].aux/q_4> (without init value) has a constant value of 0 in block <topx>. This FF/Latch will be trimmed during the optimization process.
WARNING:Xst:1895 - Due to other FF/Latch trimming, FF/Latch <Procesadorx/archivoReg/ciclo[15].aux/q_5> (without init value) has a constant value of 0 in block <topx>. This FF/Latch will be trimmed during the optimization process.
WARNING:Xst:1895 - Due to other FF/Latch trimming, FF/Latch <Procesadorx/archivoReg/ciclo[15].aux/q_6> (without init value) has a constant value of 0 in block <topx>. This FF/Latch will be trimmed during the optimization process.
WARNING:Xst:1895 - Due to other FF/Latch trimming, FF/Latch <Procesadorx/archivoReg/ciclo[15].aux/q_7> (without init value) has a constant value of 0 in block <topx>. This FF/Latch will be trimmed during the optimization process.
WARNING:Xst:1895 - Due to other FF/Latch trimming, FF/Latch <Procesadorx/archivoReg/ciclo[15].aux/q_8> (without init value) has a constant value of 0 in block <topx>. This FF/Latch will be trimmed during the optimization process.
WARNING:Xst:1895 - Due to other FF/Latch trimming, FF/Latch <Procesadorx/archivoReg/ciclo[15].aux/q_9> (without init value) has a constant value of 0 in block <topx>. This FF/Latch will be trimmed during the optimization process.
WARNING:Xst:1895 - Due to other FF/Latch trimming, FF/Latch <Procesadorx/archivoReg/ciclo[15].aux/q_10> (without init value) has a constant value of 0 in block <topx>. This FF/Latch will be trimmed during the optimization process.
WARNING:Xst:1895 - Due to other FF/Latch trimming, FF/Latch <Procesadorx/archivoReg/ciclo[15].aux/q_11> (without init value) has a constant value of 0 in block <topx>. This FF/Latch will be trimmed during the optimization process.
WARNING:Xst:1895 - Due to other FF/Latch trimming, FF/Latch <Procesadorx/archivoReg/ciclo[15].aux/q_12> (without init value) has a constant value of 0 in block <topx>. This FF/Latch will be trimmed during the optimization process.
WARNING:Xst:1895 - Due to other FF/Latch trimming, FF/Latch <Procesadorx/archivoReg/ciclo[15].aux/q_13> (without init value) has a constant value of 0 in block <topx>. This FF/Latch will be trimmed during the optimization process.
WARNING:Xst:1895 - Due to other FF/Latch trimming, FF/Latch <Procesadorx/archivoReg/ciclo[15].aux/q_14> (without init value) has a constant value of 0 in block <topx>. This FF/Latch will be trimmed during the optimization process.
WARNING:Xst:1895 - Due to other FF/Latch trimming, FF/Latch <Procesadorx/archivoReg/ciclo[15].aux/q_15> (without init value) has a constant value of 0 in block <topx>. This FF/Latch will be trimmed during the optimization process.
WARNING:Xst:1895 - Due to other FF/Latch trimming, FF/Latch <Procesadorx/archivoReg/ciclo[12].aux/q_12> (without init value) has a constant value of 0 in block <topx>. This FF/Latch will be trimmed during the optimization process.
WARNING:Xst:1895 - Due to other FF/Latch trimming, FF/Latch <Procesadorx/archivoReg/ciclo[12].aux/q_13> (without init value) has a constant value of 0 in block <topx>. This FF/Latch will be trimmed during the optimization process.
WARNING:Xst:1895 - Due to other FF/Latch trimming, FF/Latch <Procesadorx/archivoReg/ciclo[12].aux/q_14> (without init value) has a constant value of 0 in block <topx>. This FF/Latch will be trimmed during the optimization process.
WARNING:Xst:1895 - Due to other FF/Latch trimming, FF/Latch <Procesadorx/archivoReg/ciclo[12].aux/q_15> (without init value) has a constant value of 0 in block <topx>. This FF/Latch will be trimmed during the optimization process.
WARNING:Xst:1895 - Due to other FF/Latch trimming, FF/Latch <Procesadorx/archivoReg/ciclo[13].aux/q_0> (without init value) has a constant value of 0 in block <topx>. This FF/Latch will be trimmed during the optimization process.
WARNING:Xst:1895 - Due to other FF/Latch trimming, FF/Latch <Procesadorx/archivoReg/ciclo[13].aux/q_1> (without init value) has a constant value of 0 in block <topx>. This FF/Latch will be trimmed during the optimization process.
WARNING:Xst:1895 - Due to other FF/Latch trimming, FF/Latch <Procesadorx/archivoReg/ciclo[13].aux/q_2> (without init value) has a constant value of 0 in block <topx>. This FF/Latch will be trimmed during the optimization process.
WARNING:Xst:1895 - Due to other FF/Latch trimming, FF/Latch <Procesadorx/archivoReg/ciclo[13].aux/q_3> (without init value) has a constant value of 0 in block <topx>. This FF/Latch will be trimmed during the optimization process.
WARNING:Xst:1895 - Due to other FF/Latch trimming, FF/Latch <Procesadorx/archivoReg/ciclo[13].aux/q_4> (without init value) has a constant value of 0 in block <topx>. This FF/Latch will be trimmed during the optimization process.
WARNING:Xst:1895 - Due to other FF/Latch trimming, FF/Latch <Procesadorx/archivoReg/ciclo[13].aux/q_5> (without init value) has a constant value of 0 in block <topx>. This FF/Latch will be trimmed during the optimization process.
WARNING:Xst:1895 - Due to other FF/Latch trimming, FF/Latch <Procesadorx/archivoReg/ciclo[13].aux/q_6> (without init value) has a constant value of 0 in block <topx>. This FF/Latch will be trimmed during the optimization process.
WARNING:Xst:1895 - Due to other FF/Latch trimming, FF/Latch <Procesadorx/archivoReg/ciclo[13].aux/q_7> (without init value) has a constant value of 0 in block <topx>. This FF/Latch will be trimmed during the optimization process.
WARNING:Xst:1895 - Due to other FF/Latch trimming, FF/Latch <Procesadorx/archivoReg/ciclo[13].aux/q_8> (without init value) has a constant value of 0 in block <topx>. This FF/Latch will be trimmed during the optimization process.
WARNING:Xst:1895 - Due to other FF/Latch trimming, FF/Latch <Procesadorx/archivoReg/ciclo[13].aux/q_9> (without init value) has a constant value of 0 in block <topx>. This FF/Latch will be trimmed during the optimization process.
WARNING:Xst:1895 - Due to other FF/Latch trimming, FF/Latch <Procesadorx/archivoReg/ciclo[13].aux/q_10> (without init value) has a constant value of 0 in block <topx>. This FF/Latch will be trimmed during the optimization process.
WARNING:Xst:1895 - Due to other FF/Latch trimming, FF/Latch <Procesadorx/archivoReg/ciclo[13].aux/q_11> (without init value) has a constant value of 0 in block <topx>. This FF/Latch will be trimmed during the optimization process.
WARNING:Xst:1895 - Due to other FF/Latch trimming, FF/Latch <Procesadorx/archivoReg/ciclo[13].aux/q_12> (without init value) has a constant value of 0 in block <topx>. This FF/Latch will be trimmed during the optimization process.
WARNING:Xst:1895 - Due to other FF/Latch trimming, FF/Latch <Procesadorx/archivoReg/ciclo[13].aux/q_13> (without init value) has a constant value of 0 in block <topx>. This FF/Latch will be trimmed during the optimization process.
WARNING:Xst:1895 - Due to other FF/Latch trimming, FF/Latch <Procesadorx/archivoReg/ciclo[13].aux/q_14> (without init value) has a constant value of 0 in block <topx>. This FF/Latch will be trimmed during the optimization process.
WARNING:Xst:1895 - Due to other FF/Latch trimming, FF/Latch <Procesadorx/archivoReg/ciclo[13].aux/q_15> (without init value) has a constant value of 0 in block <topx>. This FF/Latch will be trimmed during the optimization process.
WARNING:Xst:1895 - Due to other FF/Latch trimming, FF/Latch <Procesadorx/archivoReg/ciclo[14].aux/q_0> (without init value) has a constant value of 0 in block <topx>. This FF/Latch will be trimmed during the optimization process.
WARNING:Xst:1895 - Due to other FF/Latch trimming, FF/Latch <Procesadorx/archivoReg/ciclo[14].aux/q_1> (without init value) has a constant value of 0 in block <topx>. This FF/Latch will be trimmed during the optimization process.
WARNING:Xst:1895 - Due to other FF/Latch trimming, FF/Latch <Procesadorx/archivoReg/ciclo[14].aux/q_2> (without init value) has a constant value of 0 in block <topx>. This FF/Latch will be trimmed during the optimization process.
WARNING:Xst:1895 - Due to other FF/Latch trimming, FF/Latch <Procesadorx/archivoReg/ciclo[14].aux/q_3> (without init value) has a constant value of 0 in block <topx>. This FF/Latch will be trimmed during the optimization process.
WARNING:Xst:1895 - Due to other FF/Latch trimming, FF/Latch <Procesadorx/archivoReg/ciclo[14].aux/q_4> (without init value) has a constant value of 0 in block <topx>. This FF/Latch will be trimmed during the optimization process.
WARNING:Xst:1895 - Due to other FF/Latch trimming, FF/Latch <Procesadorx/archivoReg/ciclo[14].aux/q_5> (without init value) has a constant value of 0 in block <topx>. This FF/Latch will be trimmed during the optimization process.
WARNING:Xst:1895 - Due to other FF/Latch trimming, FF/Latch <Procesadorx/archivoReg/ciclo[4].aux/q_9> (without init value) has a constant value of 0 in block <topx>. This FF/Latch will be trimmed during the optimization process.
WARNING:Xst:1895 - Due to other FF/Latch trimming, FF/Latch <Procesadorx/archivoReg/ciclo[4].aux/q_10> (without init value) has a constant value of 0 in block <topx>. This FF/Latch will be trimmed during the optimization process.
WARNING:Xst:1895 - Due to other FF/Latch trimming, FF/Latch <Procesadorx/archivoReg/ciclo[4].aux/q_11> (without init value) has a constant value of 0 in block <topx>. This FF/Latch will be trimmed during the optimization process.
WARNING:Xst:1895 - Due to other FF/Latch trimming, FF/Latch <Procesadorx/archivoReg/ciclo[4].aux/q_12> (without init value) has a constant value of 0 in block <topx>. This FF/Latch will be trimmed during the optimization process.
WARNING:Xst:1895 - Due to other FF/Latch trimming, FF/Latch <Procesadorx/archivoReg/ciclo[4].aux/q_13> (without init value) has a constant value of 0 in block <topx>. This FF/Latch will be trimmed during the optimization process.
WARNING:Xst:1895 - Due to other FF/Latch trimming, FF/Latch <Procesadorx/archivoReg/ciclo[4].aux/q_14> (without init value) has a constant value of 0 in block <topx>. This FF/Latch will be trimmed during the optimization process.
WARNING:Xst:1895 - Due to other FF/Latch trimming, FF/Latch <Procesadorx/archivoReg/ciclo[4].aux/q_15> (without init value) has a constant value of 0 in block <topx>. This FF/Latch will be trimmed during the optimization process.
WARNING:Xst:1895 - Due to other FF/Latch trimming, FF/Latch <Procesadorx/archivoReg/ciclo[5].aux/q_0> (without init value) has a constant value of 0 in block <topx>. This FF/Latch will be trimmed during the optimization process.
WARNING:Xst:1895 - Due to other FF/Latch trimming, FF/Latch <Procesadorx/archivoReg/ciclo[5].aux/q_1> (without init value) has a constant value of 0 in block <topx>. This FF/Latch will be trimmed during the optimization process.
WARNING:Xst:1895 - Due to other FF/Latch trimming, FF/Latch <Procesadorx/archivoReg/ciclo[5].aux/q_2> (without init value) has a constant value of 0 in block <topx>. This FF/Latch will be trimmed during the optimization process.
WARNING:Xst:1895 - Due to other FF/Latch trimming, FF/Latch <Procesadorx/archivoReg/ciclo[5].aux/q_3> (without init value) has a constant value of 0 in block <topx>. This FF/Latch will be trimmed during the optimization process.
WARNING:Xst:1895 - Due to other FF/Latch trimming, FF/Latch <Procesadorx/archivoReg/ciclo[5].aux/q_4> (without init value) has a constant value of 0 in block <topx>. This FF/Latch will be trimmed during the optimization process.
WARNING:Xst:1895 - Due to other FF/Latch trimming, FF/Latch <Procesadorx/archivoReg/ciclo[5].aux/q_5> (without init value) has a constant value of 0 in block <topx>. This FF/Latch will be trimmed during the optimization process.
WARNING:Xst:1895 - Due to other FF/Latch trimming, FF/Latch <Procesadorx/archivoReg/ciclo[5].aux/q_6> (without init value) has a constant value of 0 in block <topx>. This FF/Latch will be trimmed during the optimization process.
WARNING:Xst:1895 - Due to other FF/Latch trimming, FF/Latch <Procesadorx/archivoReg/ciclo[5].aux/q_7> (without init value) has a constant value of 0 in block <topx>. This FF/Latch will be trimmed during the optimization process.
WARNING:Xst:1895 - Due to other FF/Latch trimming, FF/Latch <Procesadorx/archivoReg/ciclo[5].aux/q_8> (without init value) has a constant value of 0 in block <topx>. This FF/Latch will be trimmed during the optimization process.
WARNING:Xst:1895 - Due to other FF/Latch trimming, FF/Latch <Procesadorx/archivoReg/ciclo[5].aux/q_9> (without init value) has a constant value of 0 in block <topx>. This FF/Latch will be trimmed during the optimization process.
WARNING:Xst:1895 - Due to other FF/Latch trimming, FF/Latch <Procesadorx/archivoReg/ciclo[5].aux/q_10> (without init value) has a constant value of 0 in block <topx>. This FF/Latch will be trimmed during the optimization process.
WARNING:Xst:1895 - Due to other FF/Latch trimming, FF/Latch <Procesadorx/archivoReg/ciclo[5].aux/q_11> (without init value) has a constant value of 0 in block <topx>. This FF/Latch will be trimmed during the optimization process.
WARNING:Xst:1895 - Due to other FF/Latch trimming, FF/Latch <Procesadorx/archivoReg/ciclo[5].aux/q_12> (without init value) has a constant value of 0 in block <topx>. This FF/Latch will be trimmed during the optimization process.
WARNING:Xst:1895 - Due to other FF/Latch trimming, FF/Latch <Procesadorx/archivoReg/ciclo[5].aux/q_13> (without init value) has a constant value of 0 in block <topx>. This FF/Latch will be trimmed during the optimization process.
WARNING:Xst:1895 - Due to other FF/Latch trimming, FF/Latch <Procesadorx/archivoReg/ciclo[5].aux/q_14> (without init value) has a constant value of 0 in block <topx>. This FF/Latch will be trimmed during the optimization process.
WARNING:Xst:1895 - Due to other FF/Latch trimming, FF/Latch <Procesadorx/archivoReg/ciclo[5].aux/q_15> (without init value) has a constant value of 0 in block <topx>. This FF/Latch will be trimmed during the optimization process.
WARNING:Xst:1895 - Due to other FF/Latch trimming, FF/Latch <Procesadorx/archivoReg/ciclo[6].aux/q_0> (without init value) has a constant value of 0 in block <topx>. This FF/Latch will be trimmed during the optimization process.
WARNING:Xst:1895 - Due to other FF/Latch trimming, FF/Latch <Procesadorx/archivoReg/ciclo[6].aux/q_1> (without init value) has a constant value of 0 in block <topx>. This FF/Latch will be trimmed during the optimization process.
WARNING:Xst:1895 - Due to other FF/Latch trimming, FF/Latch <Procesadorx/archivoReg/ciclo[6].aux/q_2> (without init value) has a constant value of 0 in block <topx>. This FF/Latch will be trimmed during the optimization process.
WARNING:Xst:1895 - Due to other FF/Latch trimming, FF/Latch <Procesadorx/archivoReg/ciclo[2].aux/q_1> (without init value) has a constant value of 0 in block <topx>. This FF/Latch will be trimmed during the optimization process.
WARNING:Xst:1895 - Due to other FF/Latch trimming, FF/Latch <Procesadorx/archivoReg/ciclo[3].aux/q_0> (without init value) has a constant value of 0 in block <topx>. This FF/Latch will be trimmed during the optimization process.
WARNING:Xst:1895 - Due to other FF/Latch trimming, FF/Latch <Procesadorx/archivoReg/ciclo[3].aux/q_1> (without init value) has a constant value of 0 in block <topx>. This FF/Latch will be trimmed during the optimization process.
WARNING:Xst:1895 - Due to other FF/Latch trimming, FF/Latch <Procesadorx/archivoReg/ciclo[3].aux/q_2> (without init value) has a constant value of 0 in block <topx>. This FF/Latch will be trimmed during the optimization process.
WARNING:Xst:1895 - Due to other FF/Latch trimming, FF/Latch <Procesadorx/archivoReg/ciclo[3].aux/q_3> (without init value) has a constant value of 0 in block <topx>. This FF/Latch will be trimmed during the optimization process.
WARNING:Xst:1895 - Due to other FF/Latch trimming, FF/Latch <Procesadorx/archivoReg/ciclo[3].aux/q_4> (without init value) has a constant value of 0 in block <topx>. This FF/Latch will be trimmed during the optimization process.
WARNING:Xst:1895 - Due to other FF/Latch trimming, FF/Latch <Procesadorx/archivoReg/ciclo[3].aux/q_5> (without init value) has a constant value of 0 in block <topx>. This FF/Latch will be trimmed during the optimization process.
WARNING:Xst:1895 - Due to other FF/Latch trimming, FF/Latch <Procesadorx/archivoReg/ciclo[3].aux/q_6> (without init value) has a constant value of 0 in block <topx>. This FF/Latch will be trimmed during the optimization process.
WARNING:Xst:1895 - Due to other FF/Latch trimming, FF/Latch <Procesadorx/archivoReg/ciclo[3].aux/q_7> (without init value) has a constant value of 0 in block <topx>. This FF/Latch will be trimmed during the optimization process.
WARNING:Xst:1895 - Due to other FF/Latch trimming, FF/Latch <Procesadorx/archivoReg/ciclo[3].aux/q_8> (without init value) has a constant value of 0 in block <topx>. This FF/Latch will be trimmed during the optimization process.
WARNING:Xst:1895 - Due to other FF/Latch trimming, FF/Latch <Procesadorx/archivoReg/ciclo[3].aux/q_9> (without init value) has a constant value of 0 in block <topx>. This FF/Latch will be trimmed during the optimization process.
WARNING:Xst:1895 - Due to other FF/Latch trimming, FF/Latch <Procesadorx/archivoReg/ciclo[3].aux/q_10> (without init value) has a constant value of 0 in block <topx>. This FF/Latch will be trimmed during the optimization process.
WARNING:Xst:1895 - Due to other FF/Latch trimming, FF/Latch <Procesadorx/archivoReg/ciclo[3].aux/q_11> (without init value) has a constant value of 0 in block <topx>. This FF/Latch will be trimmed during the optimization process.
WARNING:Xst:1895 - Due to other FF/Latch trimming, FF/Latch <Procesadorx/archivoReg/ciclo[3].aux/q_12> (without init value) has a constant value of 0 in block <topx>. This FF/Latch will be trimmed during the optimization process.
WARNING:Xst:1895 - Due to other FF/Latch trimming, FF/Latch <Procesadorx/archivoReg/ciclo[3].aux/q_13> (without init value) has a constant value of 0 in block <topx>. This FF/Latch will be trimmed during the optimization process.
WARNING:Xst:1895 - Due to other FF/Latch trimming, FF/Latch <Procesadorx/archivoReg/ciclo[3].aux/q_14> (without init value) has a constant value of 0 in block <topx>. This FF/Latch will be trimmed during the optimization process.
WARNING:Xst:1895 - Due to other FF/Latch trimming, FF/Latch <Procesadorx/archivoReg/ciclo[3].aux/q_15> (without init value) has a constant value of 0 in block <topx>. This FF/Latch will be trimmed during the optimization process.
WARNING:Xst:1895 - Due to other FF/Latch trimming, FF/Latch <Procesadorx/archivoReg/ciclo[4].aux/q_0> (without init value) has a constant value of 0 in block <topx>. This FF/Latch will be trimmed during the optimization process.
WARNING:Xst:1895 - Due to other FF/Latch trimming, FF/Latch <Procesadorx/archivoReg/ciclo[4].aux/q_1> (without init value) has a constant value of 0 in block <topx>. This FF/Latch will be trimmed during the optimization process.
WARNING:Xst:1895 - Due to other FF/Latch trimming, FF/Latch <Procesadorx/archivoReg/ciclo[4].aux/q_2> (without init value) has a constant value of 0 in block <topx>. This FF/Latch will be trimmed during the optimization process.
WARNING:Xst:1895 - Due to other FF/Latch trimming, FF/Latch <Procesadorx/archivoReg/ciclo[4].aux/q_3> (without init value) has a constant value of 0 in block <topx>. This FF/Latch will be trimmed during the optimization process.
WARNING:Xst:1895 - Due to other FF/Latch trimming, FF/Latch <Procesadorx/archivoReg/ciclo[4].aux/q_4> (without init value) has a constant value of 0 in block <topx>. This FF/Latch will be trimmed during the optimization process.
WARNING:Xst:1895 - Due to other FF/Latch trimming, FF/Latch <Procesadorx/archivoReg/ciclo[4].aux/q_5> (without init value) has a constant value of 0 in block <topx>. This FF/Latch will be trimmed during the optimization process.
WARNING:Xst:1895 - Due to other FF/Latch trimming, FF/Latch <Procesadorx/archivoReg/ciclo[4].aux/q_6> (without init value) has a constant value of 0 in block <topx>. This FF/Latch will be trimmed during the optimization process.
WARNING:Xst:1895 - Due to other FF/Latch trimming, FF/Latch <Procesadorx/archivoReg/ciclo[4].aux/q_7> (without init value) has a constant value of 0 in block <topx>. This FF/Latch will be trimmed during the optimization process.
WARNING:Xst:1895 - Due to other FF/Latch trimming, FF/Latch <Procesadorx/archivoReg/ciclo[4].aux/q_8> (without init value) has a constant value of 0 in block <topx>. This FF/Latch will be trimmed during the optimization process.
WARNING:Xst:1895 - Due to other FF/Latch trimming, FF/Latch <Procesadorx/archivoReg/ciclo[7].aux/q_14> (without init value) has a constant value of 0 in block <topx>. This FF/Latch will be trimmed during the optimization process.
WARNING:Xst:1895 - Due to other FF/Latch trimming, FF/Latch <Procesadorx/archivoReg/ciclo[7].aux/q_15> (without init value) has a constant value of 0 in block <topx>. This FF/Latch will be trimmed during the optimization process.
WARNING:Xst:1895 - Due to other FF/Latch trimming, FF/Latch <Procesadorx/archivoReg/ciclo[8].aux/q_0> (without init value) has a constant value of 0 in block <topx>. This FF/Latch will be trimmed during the optimization process.
WARNING:Xst:1895 - Due to other FF/Latch trimming, FF/Latch <Procesadorx/archivoReg/ciclo[8].aux/q_1> (without init value) has a constant value of 0 in block <topx>. This FF/Latch will be trimmed during the optimization process.
WARNING:Xst:1895 - Due to other FF/Latch trimming, FF/Latch <Procesadorx/archivoReg/ciclo[8].aux/q_2> (without init value) has a constant value of 0 in block <topx>. This FF/Latch will be trimmed during the optimization process.
WARNING:Xst:1895 - Due to other FF/Latch trimming, FF/Latch <Procesadorx/archivoReg/ciclo[8].aux/q_3> (without init value) has a constant value of 0 in block <topx>. This FF/Latch will be trimmed during the optimization process.
WARNING:Xst:1895 - Due to other FF/Latch trimming, FF/Latch <Procesadorx/archivoReg/ciclo[8].aux/q_4> (without init value) has a constant value of 0 in block <topx>. This FF/Latch will be trimmed during the optimization process.
WARNING:Xst:1895 - Due to other FF/Latch trimming, FF/Latch <Procesadorx/archivoReg/ciclo[8].aux/q_5> (without init value) has a constant value of 0 in block <topx>. This FF/Latch will be trimmed during the optimization process.
WARNING:Xst:1895 - Due to other FF/Latch trimming, FF/Latch <Procesadorx/archivoReg/ciclo[8].aux/q_6> (without init value) has a constant value of 0 in block <topx>. This FF/Latch will be trimmed during the optimization process.
WARNING:Xst:1895 - Due to other FF/Latch trimming, FF/Latch <Procesadorx/archivoReg/ciclo[8].aux/q_7> (without init value) has a constant value of 0 in block <topx>. This FF/Latch will be trimmed during the optimization process.
WARNING:Xst:1895 - Due to other FF/Latch trimming, FF/Latch <Procesadorx/archivoReg/ciclo[8].aux/q_8> (without init value) has a constant value of 0 in block <topx>. This FF/Latch will be trimmed during the optimization process.
WARNING:Xst:1895 - Due to other FF/Latch trimming, FF/Latch <Procesadorx/archivoReg/ciclo[8].aux/q_9> (without init value) has a constant value of 0 in block <topx>. This FF/Latch will be trimmed during the optimization process.
WARNING:Xst:1895 - Due to other FF/Latch trimming, FF/Latch <Procesadorx/archivoReg/ciclo[8].aux/q_10> (without init value) has a constant value of 0 in block <topx>. This FF/Latch will be trimmed during the optimization process.
WARNING:Xst:1895 - Due to other FF/Latch trimming, FF/Latch <Procesadorx/archivoReg/ciclo[8].aux/q_11> (without init value) has a constant value of 0 in block <topx>. This FF/Latch will be trimmed during the optimization process.
WARNING:Xst:1895 - Due to other FF/Latch trimming, FF/Latch <Procesadorx/archivoReg/ciclo[8].aux/q_12> (without init value) has a constant value of 0 in block <topx>. This FF/Latch will be trimmed during the optimization process.
WARNING:Xst:1895 - Due to other FF/Latch trimming, FF/Latch <Procesadorx/archivoReg/ciclo[8].aux/q_13> (without init value) has a constant value of 0 in block <topx>. This FF/Latch will be trimmed during the optimization process.
WARNING:Xst:1895 - Due to other FF/Latch trimming, FF/Latch <Procesadorx/archivoReg/ciclo[8].aux/q_14> (without init value) has a constant value of 0 in block <topx>. This FF/Latch will be trimmed during the optimization process.
WARNING:Xst:1895 - Due to other FF/Latch trimming, FF/Latch <Procesadorx/archivoReg/ciclo[8].aux/q_15> (without init value) has a constant value of 0 in block <topx>. This FF/Latch will be trimmed during the optimization process.
WARNING:Xst:1895 - Due to other FF/Latch trimming, FF/Latch <Procesadorx/archivoReg/ciclo[9].aux/q_0> (without init value) has a constant value of 0 in block <topx>. This FF/Latch will be trimmed during the optimization process.
WARNING:Xst:1895 - Due to other FF/Latch trimming, FF/Latch <Procesadorx/archivoReg/ciclo[9].aux/q_1> (without init value) has a constant value of 0 in block <topx>. This FF/Latch will be trimmed during the optimization process.
WARNING:Xst:1895 - Due to other FF/Latch trimming, FF/Latch <Procesadorx/archivoReg/ciclo[9].aux/q_2> (without init value) has a constant value of 0 in block <topx>. This FF/Latch will be trimmed during the optimization process.
WARNING:Xst:1895 - Due to other FF/Latch trimming, FF/Latch <Procesadorx/archivoReg/ciclo[9].aux/q_3> (without init value) has a constant value of 0 in block <topx>. This FF/Latch will be trimmed during the optimization process.
WARNING:Xst:1895 - Due to other FF/Latch trimming, FF/Latch <Procesadorx/archivoReg/ciclo[9].aux/q_4> (without init value) has a constant value of 0 in block <topx>. This FF/Latch will be trimmed during the optimization process.
WARNING:Xst:1895 - Due to other FF/Latch trimming, FF/Latch <Procesadorx/archivoReg/ciclo[9].aux/q_5> (without init value) has a constant value of 0 in block <topx>. This FF/Latch will be trimmed during the optimization process.
WARNING:Xst:1895 - Due to other FF/Latch trimming, FF/Latch <Procesadorx/archivoReg/ciclo[9].aux/q_6> (without init value) has a constant value of 0 in block <topx>. This FF/Latch will be trimmed during the optimization process.
WARNING:Xst:1895 - Due to other FF/Latch trimming, FF/Latch <Procesadorx/archivoReg/ciclo[9].aux/q_7> (without init value) has a constant value of 0 in block <topx>. This FF/Latch will be trimmed during the optimization process.
WARNING:Xst:1895 - Due to other FF/Latch trimming, FF/Latch <Procesadorx/archivoReg/ciclo[6].aux/q_3> (without init value) has a constant value of 0 in block <topx>. This FF/Latch will be trimmed during the optimization process.
WARNING:Xst:1895 - Due to other FF/Latch trimming, FF/Latch <Procesadorx/archivoReg/ciclo[6].aux/q_4> (without init value) has a constant value of 0 in block <topx>. This FF/Latch will be trimmed during the optimization process.
WARNING:Xst:1895 - Due to other FF/Latch trimming, FF/Latch <Procesadorx/archivoReg/ciclo[6].aux/q_5> (without init value) has a constant value of 0 in block <topx>. This FF/Latch will be trimmed during the optimization process.
WARNING:Xst:1895 - Due to other FF/Latch trimming, FF/Latch <Procesadorx/archivoReg/ciclo[6].aux/q_6> (without init value) has a constant value of 0 in block <topx>. This FF/Latch will be trimmed during the optimization process.
WARNING:Xst:1895 - Due to other FF/Latch trimming, FF/Latch <Procesadorx/archivoReg/ciclo[6].aux/q_7> (without init value) has a constant value of 0 in block <topx>. This FF/Latch will be trimmed during the optimization process.
WARNING:Xst:1895 - Due to other FF/Latch trimming, FF/Latch <Procesadorx/archivoReg/ciclo[6].aux/q_8> (without init value) has a constant value of 0 in block <topx>. This FF/Latch will be trimmed during the optimization process.
WARNING:Xst:1895 - Due to other FF/Latch trimming, FF/Latch <Procesadorx/archivoReg/ciclo[6].aux/q_9> (without init value) has a constant value of 0 in block <topx>. This FF/Latch will be trimmed during the optimization process.
WARNING:Xst:1895 - Due to other FF/Latch trimming, FF/Latch <Procesadorx/archivoReg/ciclo[6].aux/q_10> (without init value) has a constant value of 0 in block <topx>. This FF/Latch will be trimmed during the optimization process.
WARNING:Xst:1895 - Due to other FF/Latch trimming, FF/Latch <Procesadorx/archivoReg/ciclo[6].aux/q_11> (without init value) has a constant value of 0 in block <topx>. This FF/Latch will be trimmed during the optimization process.
WARNING:Xst:1895 - Due to other FF/Latch trimming, FF/Latch <Procesadorx/archivoReg/ciclo[6].aux/q_12> (without init value) has a constant value of 0 in block <topx>. This FF/Latch will be trimmed during the optimization process.
WARNING:Xst:1895 - Due to other FF/Latch trimming, FF/Latch <Procesadorx/archivoReg/ciclo[6].aux/q_13> (without init value) has a constant value of 0 in block <topx>. This FF/Latch will be trimmed during the optimization process.
WARNING:Xst:1895 - Due to other FF/Latch trimming, FF/Latch <Procesadorx/archivoReg/ciclo[6].aux/q_14> (without init value) has a constant value of 0 in block <topx>. This FF/Latch will be trimmed during the optimization process.
WARNING:Xst:1895 - Due to other FF/Latch trimming, FF/Latch <Procesadorx/archivoReg/ciclo[6].aux/q_15> (without init value) has a constant value of 0 in block <topx>. This FF/Latch will be trimmed during the optimization process.
WARNING:Xst:1895 - Due to other FF/Latch trimming, FF/Latch <Procesadorx/archivoReg/ciclo[7].aux/q_0> (without init value) has a constant value of 0 in block <topx>. This FF/Latch will be trimmed during the optimization process.
WARNING:Xst:1895 - Due to other FF/Latch trimming, FF/Latch <Procesadorx/archivoReg/ciclo[7].aux/q_1> (without init value) has a constant value of 0 in block <topx>. This FF/Latch will be trimmed during the optimization process.
WARNING:Xst:1895 - Due to other FF/Latch trimming, FF/Latch <Procesadorx/archivoReg/ciclo[7].aux/q_2> (without init value) has a constant value of 0 in block <topx>. This FF/Latch will be trimmed during the optimization process.
WARNING:Xst:1895 - Due to other FF/Latch trimming, FF/Latch <Procesadorx/archivoReg/ciclo[7].aux/q_3> (without init value) has a constant value of 0 in block <topx>. This FF/Latch will be trimmed during the optimization process.
WARNING:Xst:1895 - Due to other FF/Latch trimming, FF/Latch <Procesadorx/archivoReg/ciclo[7].aux/q_4> (without init value) has a constant value of 0 in block <topx>. This FF/Latch will be trimmed during the optimization process.
WARNING:Xst:1895 - Due to other FF/Latch trimming, FF/Latch <Procesadorx/archivoReg/ciclo[7].aux/q_5> (without init value) has a constant value of 0 in block <topx>. This FF/Latch will be trimmed during the optimization process.
WARNING:Xst:1895 - Due to other FF/Latch trimming, FF/Latch <Procesadorx/archivoReg/ciclo[7].aux/q_6> (without init value) has a constant value of 0 in block <topx>. This FF/Latch will be trimmed during the optimization process.
WARNING:Xst:1895 - Due to other FF/Latch trimming, FF/Latch <Procesadorx/archivoReg/ciclo[7].aux/q_7> (without init value) has a constant value of 0 in block <topx>. This FF/Latch will be trimmed during the optimization process.
WARNING:Xst:1895 - Due to other FF/Latch trimming, FF/Latch <Procesadorx/archivoReg/ciclo[7].aux/q_8> (without init value) has a constant value of 0 in block <topx>. This FF/Latch will be trimmed during the optimization process.
WARNING:Xst:1895 - Due to other FF/Latch trimming, FF/Latch <Procesadorx/archivoReg/ciclo[7].aux/q_9> (without init value) has a constant value of 0 in block <topx>. This FF/Latch will be trimmed during the optimization process.
WARNING:Xst:1895 - Due to other FF/Latch trimming, FF/Latch <Procesadorx/archivoReg/ciclo[7].aux/q_10> (without init value) has a constant value of 0 in block <topx>. This FF/Latch will be trimmed during the optimization process.
WARNING:Xst:1895 - Due to other FF/Latch trimming, FF/Latch <Procesadorx/archivoReg/ciclo[7].aux/q_11> (without init value) has a constant value of 0 in block <topx>. This FF/Latch will be trimmed during the optimization process.
WARNING:Xst:1895 - Due to other FF/Latch trimming, FF/Latch <Procesadorx/archivoReg/ciclo[7].aux/q_12> (without init value) has a constant value of 0 in block <topx>. This FF/Latch will be trimmed during the optimization process.
WARNING:Xst:1895 - Due to other FF/Latch trimming, FF/Latch <Procesadorx/archivoReg/ciclo[7].aux/q_13> (without init value) has a constant value of 0 in block <topx>. This FF/Latch will be trimmed during the optimization process.
WARNING:Xst:1710 - FF/Latch <Procesadorx/archivoReg/ciclo[2].aux/q_0> (without init value) has a constant value of 0 in block <topx>. This FF/Latch will be trimmed during the optimization process.
WARNING:Xst:1895 - Due to other FF/Latch trimming, FF/Latch <Procesadorx/archivoReg/ciclo[2].aux/q_2> (without init value) has a constant value of 0 in block <topx>. This FF/Latch will be trimmed during the optimization process.
WARNING:Xst:1895 - Due to other FF/Latch trimming, FF/Latch <Procesadorx/archivoReg/ciclo[2].aux/q_3> (without init value) has a constant value of 0 in block <topx>. This FF/Latch will be trimmed during the optimization process.
WARNING:Xst:1895 - Due to other FF/Latch trimming, FF/Latch <Procesadorx/archivoReg/ciclo[2].aux/q_4> (without init value) has a constant value of 0 in block <topx>. This FF/Latch will be trimmed during the optimization process.
WARNING:Xst:1895 - Due to other FF/Latch trimming, FF/Latch <Procesadorx/archivoReg/ciclo[2].aux/q_5> (without init value) has a constant value of 0 in block <topx>. This FF/Latch will be trimmed during the optimization process.
WARNING:Xst:1895 - Due to other FF/Latch trimming, FF/Latch <Procesadorx/archivoReg/ciclo[2].aux/q_6> (without init value) has a constant value of 0 in block <topx>. This FF/Latch will be trimmed during the optimization process.
WARNING:Xst:1895 - Due to other FF/Latch trimming, FF/Latch <Procesadorx/archivoReg/ciclo[2].aux/q_7> (without init value) has a constant value of 0 in block <topx>. This FF/Latch will be trimmed during the optimization process.
WARNING:Xst:1895 - Due to other FF/Latch trimming, FF/Latch <Procesadorx/archivoReg/ciclo[2].aux/q_8> (without init value) has a constant value of 0 in block <topx>. This FF/Latch will be trimmed during the optimization process.
WARNING:Xst:1895 - Due to other FF/Latch trimming, FF/Latch <Procesadorx/archivoReg/ciclo[2].aux/q_9> (without init value) has a constant value of 0 in block <topx>. This FF/Latch will be trimmed during the optimization process.
WARNING:Xst:1895 - Due to other FF/Latch trimming, FF/Latch <Procesadorx/archivoReg/ciclo[2].aux/q_10> (without init value) has a constant value of 0 in block <topx>. This FF/Latch will be trimmed during the optimization process.
WARNING:Xst:1895 - Due to other FF/Latch trimming, FF/Latch <Procesadorx/archivoReg/ciclo[2].aux/q_11> (without init value) has a constant value of 0 in block <topx>. This FF/Latch will be trimmed during the optimization process.
WARNING:Xst:1895 - Due to other FF/Latch trimming, FF/Latch <Procesadorx/archivoReg/ciclo[2].aux/q_12> (without init value) has a constant value of 0 in block <topx>. This FF/Latch will be trimmed during the optimization process.
WARNING:Xst:1895 - Due to other FF/Latch trimming, FF/Latch <Procesadorx/archivoReg/ciclo[2].aux/q_13> (without init value) has a constant value of 0 in block <topx>. This FF/Latch will be trimmed during the optimization process.
WARNING:Xst:1895 - Due to other FF/Latch trimming, FF/Latch <Procesadorx/archivoReg/ciclo[2].aux/q_14> (without init value) has a constant value of 0 in block <topx>. This FF/Latch will be trimmed during the optimization process.
WARNING:Xst:1895 - Due to other FF/Latch trimming, FF/Latch <Procesadorx/archivoReg/ciclo[2].aux/q_15> (without init value) has a constant value of 0 in block <topx>. This FF/Latch will be trimmed during the optimization process.

Mapping all equations...
Building and optimizing final netlist ...
Found area constraint ratio of 100 (+ 5) on block topx, actual ratio is 1.

Final Macro Processing ...

=========================================================================
Final Register Report

Macro Statistics
# Registers                                            : 195
 Flip-Flops                                            : 195

=========================================================================

=========================================================================
*                           Partition Report                            *
=========================================================================

Partition Implementation Status
-------------------------------

  No Partitions were found in this design.

-------------------------------

=========================================================================
*                            Design Summary                             *
=========================================================================

Top Level Output File Name         : topx.ngc

Primitive and Black Box Usage:
------------------------------
# BELS                             : 637
#      GND                         : 1
#      INV                         : 6
#      LUT1                        : 54
#      LUT2                        : 4
#      LUT3                        : 57
#      LUT4                        : 55
#      LUT5                        : 45
#      LUT6                        : 215
#      MUXCY                       : 55
#      MUXF7                       : 70
#      MUXF8                       : 16
#      VCC                         : 1
#      XORCY                       : 58
# FlipFlops/Latches                : 195
#      FDC_1                       : 1
#      FDCE                        : 163
#      FDCE_1                      : 3
#      FDE                         : 1
#      FDP                         : 1
#      FDR                         : 26
# RAMS                             : 128
#      RAM256X1S                   : 128
# Clock Buffers                    : 2
#      BUFG                        : 1
#      BUFGP                       : 1
# IO Buffers                       : 17
#      IBUF                        : 1
#      OBUF                        : 16

Device utilization summary:
---------------------------

Selected Device : 7a100tcsg324-2 


Slice Logic Utilization: 
 Number of Slice Registers:             195  out of  126800     0%  
 Number of Slice LUTs:                  948  out of  63400     1%  
    Number used as Logic:               436  out of  63400     0%  
    Number used as Memory:              512  out of  19000     2%  
       Number used as RAM:              512

Slice Logic Distribution: 
 Number of LUT Flip Flop pairs used:   1035
   Number with an unused Flip Flop:     840  out of   1035    81%  
   Number with an unused LUT:            87  out of   1035     8%  
   Number of fully used LUT-FF pairs:   108  out of   1035    10%  
   Number of unique control sets:        15

IO Utilization: 
 Number of IOs:                          18
 Number of bonded IOBs:                  18  out of    210     8%  

Specific Feature Utilization:
 Number of BUFG/BUFGCTRLs:                2  out of     32     6%  

---------------------------
Partition Resource Summary:
---------------------------

  No Partitions were found in this design.

---------------------------


=========================================================================
Timing Report

NOTE: THESE TIMING NUMBERS ARE ONLY A SYNTHESIS ESTIMATE.
      FOR ACCURATE TIMING INFORMATION PLEASE REFER TO THE TRACE REPORT
      GENERATED AFTER PLACE-and-ROUTE.

Clock Information:
------------------
-----------------------------------+------------------------+-------+
Clock Signal                       | Clock buffer(FF name)  | Load  |
-----------------------------------+------------------------+-------+
CLK                                | BUFGP                  | 27    |
Ins_DivisorDeFrecuencia/CLK_STATE  | BUFG                   | 296   |
-----------------------------------+------------------------+-------+

Asynchronous Control Signals Information:
----------------------------------------
No asynchronous control signals found in this design

Timing Summary:
---------------
Speed Grade: -2

   Minimum period: 19.090ns (Maximum Frequency: 52.384MHz)
   Minimum input arrival time before clock: 0.892ns
   Maximum output required time after clock: 9.771ns
   Maximum combinational path delay: No path found

Timing Details:
---------------
All values displayed in nanoseconds (ns)

=========================================================================
Timing constraint: Default period analysis for Clock 'CLK'
  Clock period: 3.607ns (frequency: 277.206MHz)
  Total number of paths / destination ports: 865 / 54
-------------------------------------------------------------------------
Delay:               3.607ns (Levels of Logic = 3)
  Source:            Ins_DivisorDeFrecuencia/COUNT_8 (FF)
  Destination:       Ins_DivisorDeFrecuencia/COUNT_0 (FF)
  Source Clock:      CLK rising
  Destination Clock: CLK rising

  Data Path: Ins_DivisorDeFrecuencia/COUNT_8 to Ins_DivisorDeFrecuencia/COUNT_0
                                Gate     Net
    Cell:in->out      fanout   Delay   Delay  Logical Name (Net Name)
    ----------------------------------------  ------------
     FDR:C->Q              2   0.398   0.785  Ins_DivisorDeFrecuencia/COUNT_8 (Ins_DivisorDeFrecuencia/COUNT_8)
     LUT5:I0->O            1   0.105   0.793  Ins_DivisorDeFrecuencia/COUNT[25]_PWR_5_o_LessThan_1_o_inv2 (Ins_DivisorDeFrecuencia/COUNT[25]_PWR_5_o_LessThan_1_o_inv2)
     LUT6:I0->O            1   0.105   0.451  Ins_DivisorDeFrecuencia/COUNT[25]_PWR_5_o_LessThan_1_o_inv3 (Ins_DivisorDeFrecuencia/COUNT[25]_PWR_5_o_LessThan_1_o_inv3)
     LUT6:I4->O           27   0.105   0.468  Ins_DivisorDeFrecuencia/COUNT[25]_PWR_5_o_LessThan_1_o_inv4 (Ins_DivisorDeFrecuencia/COUNT[25]_PWR_5_o_LessThan_1_o_inv)
     FDR:R                     0.397          Ins_DivisorDeFrecuencia/COUNT_0
    ----------------------------------------
    Total                      3.607ns (1.110ns logic, 2.497ns route)
                                       (30.8% logic, 69.2% route)

=========================================================================
Timing constraint: Default period analysis for Clock 'Ins_DivisorDeFrecuencia/CLK_STATE'
  Clock period: 19.090ns (frequency: 52.384MHz)
  Total number of paths / destination ports: 66584743 / 1518
-------------------------------------------------------------------------
Delay:               9.545ns (Levels of Logic = 16)
  Source:            Procesadorx/pilax/aux_4_3 (FF)
  Destination:       Procesadorx/control/u9/bandout_1 (FF)
  Source Clock:      Ins_DivisorDeFrecuencia/CLK_STATE rising
  Destination Clock: Ins_DivisorDeFrecuencia/CLK_STATE falling

  Data Path: Procesadorx/pilax/aux_4_3 to Procesadorx/control/u9/bandout_1
                                Gate     Net
    Cell:in->out      fanout   Delay   Delay  Logical Name (Net Name)
    ----------------------------------------  ------------
     FDCE:C->Q             2   0.398   0.798  Procesadorx/pilax/aux_4_3 (Procesadorx/pilax/aux_4_3)
     LUT6:I0->O            1   0.105   0.000  Procesadorx/pilax/mux25_3 (Procesadorx/pilax/mux25_3)
     MUXF7:I1->O           5   0.308   0.803  Procesadorx/pilax/mux25_2_f7 (PC_salida_3_OBUF)
     LUT5:I0->O            7   0.105   0.391  Procesadorx_memoProg/Mram_inst121_SW0 (Procesadorx_N0)
     LUT6:I5->O           11   0.105   0.413  Procesadorx_memoProg/Mram_inst1221 (Procesadorx/instruccion<8>)
     LUT4:I3->O            1   0.105   0.780  Procesadorx/sr2/Mmux_salida11_SW0 (N68)
     LUT6:I1->O            1   0.105   0.599  Procesadorx/archivoReg/Mmux_read_data2_616_SW0 (N50)
     LUT6:I3->O            3   0.105   0.369  Procesadorx/alu/A[0]_A[0]_OR_7_o1 (Procesadorx/alu/A[0]_A[0]_OR_7_o)
     LUT6:I5->O            3   0.105   0.369  Procesadorx/alu/A[2]_A[2]_OR_9_o1 (Procesadorx/alu/A[2]_A[2]_OR_9_o)
     LUT6:I5->O            3   0.105   0.369  Procesadorx/alu/A[4]_A[4]_OR_11_o1 (Procesadorx/alu/A[4]_A[4]_OR_11_o)
     LUT6:I5->O            3   0.105   0.369  Procesadorx/alu/A[6]_A[6]_OR_13_o1 (Procesadorx/alu/A[6]_A[6]_OR_13_o)
     LUT6:I5->O            1   0.105   0.357  Procesadorx/alu/A[7]_A[7]_OR_14_o1 (Procesadorx/alu/A[7]_A[7]_OR_14_o)
     LUT6:I5->O            4   0.105   0.616  Procesadorx/alu/Mmux_FROM.RES154 (Procesadorx/aluout<8>)
     LUT6:I3->O            2   0.105   0.362  Procesadorx/alu/FLAGS<1>2 (Procesadorx/alu/FLAGS<1>1)
     LUT6:I5->O            1   0.105   0.000  Procesadorx/alu/Mmux_FROM.RES74_SW0_F (N98)
     MUXF7:I0->O           1   0.306   0.451  Procesadorx/alu/Mmux_FROM.RES74_SW0 (N39)
     LUT6:I4->O            1   0.105   0.000  Procesadorx/alu/FLAGS<1>3 (Procesadorx/banderas<1>)
     FDCE_1:D                  0.015          Procesadorx/control/u9/bandout_1
    ----------------------------------------
    Total                      9.545ns (2.497ns logic, 7.048ns route)
                                       (26.2% logic, 73.8% route)

=========================================================================
Timing constraint: Default OFFSET IN BEFORE for Clock 'Ins_DivisorDeFrecuencia/CLK_STATE'
  Total number of paths / destination ports: 168 / 168
-------------------------------------------------------------------------
Offset:              0.892ns (Levels of Logic = 1)
  Source:            CLR (PAD)
  Destination:       Procesadorx/control/u8/pclk (FF)
  Destination Clock: Ins_DivisorDeFrecuencia/CLK_STATE rising

  Data Path: CLR to Procesadorx/control/u8/pclk
                                Gate     Net
    Cell:in->out      fanout   Delay   Delay  Logical Name (Net Name)
    ----------------------------------------  ------------
     IBUF:I->O           168   0.001   0.494  CLR_IBUF (CLR_IBUF)
     FDP:PRE                   0.397          Procesadorx/control/u8/pclk
    ----------------------------------------
    Total                      0.892ns (0.398ns logic, 0.494ns route)
                                       (44.6% logic, 55.4% route)

=========================================================================
Timing constraint: Default OFFSET OUT AFTER for Clock 'Ins_DivisorDeFrecuencia/CLK_STATE'
  Total number of paths / destination ports: 1775078 / 16
-------------------------------------------------------------------------
Offset:              9.771ns (Levels of Logic = 17)
  Source:            Procesadorx/pilax/aux_4_3 (FF)
  Destination:       resultado<7> (PAD)
  Source Clock:      Ins_DivisorDeFrecuencia/CLK_STATE rising

  Data Path: Procesadorx/pilax/aux_4_3 to resultado<7>
                                Gate     Net
    Cell:in->out      fanout   Delay   Delay  Logical Name (Net Name)
    ----------------------------------------  ------------
     FDCE:C->Q             2   0.398   0.798  Procesadorx/pilax/aux_4_3 (Procesadorx/pilax/aux_4_3)
     LUT6:I0->O            1   0.105   0.000  Procesadorx/pilax/mux25_3 (Procesadorx/pilax/mux25_3)
     MUXF7:I1->O           5   0.308   0.803  Procesadorx/pilax/mux25_2_f7 (PC_salida_3_OBUF)
     LUT5:I0->O            7   0.105   0.391  Procesadorx_memoProg/Mram_inst121_SW0 (Procesadorx_N0)
     LUT6:I5->O           11   0.105   0.413  Procesadorx_memoProg/Mram_inst1221 (Procesadorx/instruccion<8>)
     LUT4:I3->O            1   0.105   0.780  Procesadorx/sr2/Mmux_salida11_SW0 (N68)
     LUT6:I1->O            1   0.105   0.599  Procesadorx/archivoReg/Mmux_read_data2_616_SW0 (N50)
     LUT6:I3->O            3   0.105   0.369  Procesadorx/alu/A[0]_A[0]_OR_7_o1 (Procesadorx/alu/A[0]_A[0]_OR_7_o)
     LUT6:I5->O            3   0.105   0.369  Procesadorx/alu/A[2]_A[2]_OR_9_o1 (Procesadorx/alu/A[2]_A[2]_OR_9_o)
     LUT6:I5->O            3   0.105   0.369  Procesadorx/alu/A[4]_A[4]_OR_11_o1 (Procesadorx/alu/A[4]_A[4]_OR_11_o)
     LUT6:I5->O            3   0.105   0.369  Procesadorx/alu/A[6]_A[6]_OR_13_o1 (Procesadorx/alu/A[6]_A[6]_OR_13_o)
     LUT6:I5->O            1   0.105   0.357  Procesadorx/alu/A[7]_A[7]_OR_14_o1 (Procesadorx/alu/A[7]_A[7]_OR_14_o)
     LUT6:I5->O            4   0.105   0.374  Procesadorx/alu/Mmux_FROM.RES154 (Procesadorx/aluout<8>)
     LUT4:I3->O           32   0.105   0.581  Procesadorx/sdmd/Mmux_salida101 (Procesadorx/sdmdout<8>)
     LUT6:I4->O            1   0.105   0.000  Procesadorx/inst_LPM_MUX7_3 (Procesadorx/inst_LPM_MUX7_3)
     MUXF7:I1->O           2   0.308   0.362  Procesadorx/inst_LPM_MUX7_2_f7 (Procesadorx/memdataout<7>)
     LUT4:I3->O            3   0.105   0.351  Procesadorx/swd/Mmux_salida141 (Procesadorx/archivoReg/aux_write_data<7>)
     OBUF:I->O                 0.000          resultado_7_OBUF (resultado<7>)
    ----------------------------------------
    Total                      9.771ns (2.484ns logic, 7.287ns route)
                                       (25.4% logic, 74.6% route)

=========================================================================

Cross Clock Domains Report:
--------------------------

Clock to Setup on destination clock CLK
---------------+---------+---------+---------+---------+
               | Src:Rise| Src:Fall| Src:Rise| Src:Fall|
Source Clock   |Dest:Rise|Dest:Rise|Dest:Fall|Dest:Fall|
---------------+---------+---------+---------+---------+
CLK            |    3.607|         |         |         |
---------------+---------+---------+---------+---------+

Clock to Setup on destination clock Ins_DivisorDeFrecuencia/CLK_STATE
---------------------------------+---------+---------+---------+---------+
                                 | Src:Rise| Src:Fall| Src:Rise| Src:Fall|
Source Clock                     |Dest:Rise|Dest:Rise|Dest:Fall|Dest:Fall|
---------------------------------+---------+---------+---------+---------+
Ins_DivisorDeFrecuencia/CLK_STATE|    9.897|    8.139|    9.545|         |
---------------------------------+---------+---------+---------+---------+

=========================================================================


Total REAL time to Xst completion: 28.00 secs
Total CPU time to Xst completion: 27.33 secs
 
--> 

Total memory usage is 4611420 kilobytes

Number of errors   :    0 (   0 filtered)
Number of warnings :  229 (   0 filtered)
Number of infos    :    5 (   0 filtered)

